E:\音乐\ - 宽恕(王菲).mp3
E:\音乐\750_Paradise.mp3
E:\音乐\Amy Winehouse - You Know I_m No Good.mp3
E:\音乐\Arctic Monkeys - I Want It All.mp3
E:\音乐\Avril Lavigne - Hello Kitty.mp3
E:\音乐\Ciara - love sex magic.mp3
E:\音乐\Dewen和拖鞋 - 开挂侠(Live).mp3
E:\音乐\G.E.M. 邓紫棋 - 你不是真正的快乐(live版).mp3
E:\音乐\JPM - 我没有很想你.mp3
E:\音乐\Lorde - Royals.mp3
E:\音乐\Miley Cyrus - Wrecking Ball.mp3
E:\音乐\Robin Thicke - Magic.mp3
E:\音乐\Super Junior-M - Swing(嘶吼).mp3
E:\音乐\T-ara - First Love(Feat. EB).mp3
E:\音乐\爸爸去哪儿 - 爸爸去哪儿.mp3
E:\音乐\白婧 - 爱情秘语.mp3
E:\音乐\本草纲目-周杰伦.mp3
E:\音乐\曹格 - 阳光.mp3
E:\音乐\陈奕迅 - 浮夸.mp3
E:\音乐\陈奕迅 - 梦想天空分外蓝(浙江卫视台歌).mp3
E:\音乐\陈奕迅 - 内疚.mp3
E:\音乐\陈奕迅 - 你的背包 (国语).mp3
E:\音乐\陈奕迅 - 主旋律.mp3
E:\音乐\戴爱玲 - Gentleman(《爱情公寓4》插曲).mp3
E:\音乐\邓福如 - 一点点喜欢.mp3
E:\音乐\邓紫棋 - 爱你 - ainy 铃声版.mp3
E:\音乐\邓紫祺 - Ainy.mp3
E:\音乐\范逸臣 - Piano.mp3
E:\音乐\韩磊 - 北京北京.mp3
E:\音乐\韩磊 - 向天再借五百年.mp3
E:\音乐\后弦 - 你还欠我一个拥抱.mp3
E:\音乐\胡莎莎 - 唱念爱(Live).mp3
E:\音乐\今天 - 刘德华.mp3
E:\音乐\林峰 - 同林(微电影《爱在魅来1分钟》主题曲).mp3
E:\音乐\林宥嘉 - 诱_《pmam》片尾曲_.mp3
E:\音乐\刘心 - 游响云停.mp3
E:\音乐\龙卷风-周杰伦.mp3
E:\音乐\鲁向卉 - 鱼儿(Live).mp3
E:\音乐\迷迭香-周杰伦.mp3
E:\音乐\你被写在我的歌里-苏打绿_Ella[陈嘉桦].mp3
E:\音乐\牛奶@咖啡 - 月亮上的花园.mp3
E:\音乐\农夫_季欣霈 - 话太普通.mp3
E:\音乐\潘玮仪 - 把全世界放手中(Remix).mp3
E:\音乐\品冠 - 哄我入睡.mp3
E:\音乐\茜拉 - Forever Love.mp3
E:\音乐\茜拉 - Rolling In The Deep.mp3
E:\音乐\曲婉婷 - 阳光下的我们.mp3
E:\音乐\宋媛媛 - I Am Yes I Am No(Live).mp3
E:\音乐\苏佩卿 - 格格不入(Live).mp3
E:\音乐\孙耀威 - 从此我的世界多了一秒.mp3
E:\音乐\汤小康 - 法国老画家(Live).mp3
E:\音乐\陶 - 宫保鸡丁.mp3
E:\音乐\王菲 - 等等.mp3
E:\音乐\王菲 - 宽恕.mp3
E:\音乐\王菲 - 人间.mp3
E:\音乐\王菲 - 容易受伤的女人.mp3
E:\音乐\王若琳 - For No Reason (Ot_ For No Reason).mp3
E:\音乐\威廉古堡-周杰伦.mp3
E:\音乐\我是我的.mp3
E:\音乐\吴克t - 爱太痛.mp3
E:\音乐\吴莫愁 & 李代沫 - 想神马有神马.mp3
E:\音乐\谢安琪 - 钟无艳.mp3
E:\音乐\许嵩 - 天龙八部之宿敌.mp3
E:\音乐\烟火 - 陈翔 百度随心听.mp3
E:\音乐\杨坤 - 答案 (feat. 郭采洁).mp3
E:\音乐\杨乃文 - 未接来电.mp3
E:\音乐\夜的第七章-周杰伦.mp3
E:\音乐\伊斯坦堡-周杰伦.mp3
E:\音乐\袁娅维 - 旅行中忘记.mp3
E:\音乐\张惠妹 - 火.mp3
E:\音乐\张禄籴 - 安眠药(Live).mp3
E:\音乐\赵照 - 当你老了(Live).mp3
